#
# A fatal error has been detected by the Java Runtime Environment:
#
#  SIGSEGV (0xb) at pc=0xa753b9dd, pid=15192, tid=1658645312
#
# JRE version: Java(TM) SE Runtime Environment (8.0_66-b17) (build 1.8.0_66-b17)
# Java VM: Java HotSpot(TM) Server VM (25.66-b17 mixed mode linux-x86 )
# Problematic frame:
# v  ~BufferBlob::jni_fast_GetLongField
#
# Failed to write core dump. Core dumps have been disabled. To enable core dumping, try "ulimit -c unlimited" before starting Java again
#
# If you would like to submit a bug report, please visit:
#   http://bugreport.java.com/bugreport/crash.jsp
# The crash happened outside the Java Virtual Machine in native code.
# See problematic frame for where to report the bug.
#

---------------  T H R E A D  ---------------

Current thread (0x631bc400):  JavaThread "AWT-XAWT" daemon [_thread_in_native, id=15212, stack(0x62d7e000,0x62dcf000)]

siginfo: si_signo: 11 (SIGSEGV), si_code: 1 (SEGV_MAPERR), si_addr: 0x00000000

Registers:
EAX=0x00000000, EBX=0x6304c624, ECX=0x0000000a, EDX=0x00000000
ESP=0x62dcda08, EBP=0x62dcda48, ESI=0x00000042, EDI=0x00000000
EIP=0xa753b9dd, EFLAGS=0x00010246, CR2=0x00000000

Top of Stack: (sp=0x62dcda08)
0x62dcda08:   631bc538 6303612d 631bc538 00000000
0x62dcda18:   00000042 00000000 62cd2718 631bc538
0x62dcda28:   62dcda48 00000000 b70f7784 00010002
0x62dcda38:   91dddbe0 62ffd000 639f68f8 00000000
0x62dcda48:   639fb638 62f29e18 639fb638 00000000
0x62dcda58:   00000000 00000000 62dcda60 62c16cd0
0x62dcda68:   62f29db9 62ffd000 639fba30 01000003
0x62dcda78:   08c19a50 62f212e8 639fb638 00000000 

Instructions: (pc=0xa753b9dd)
0xa753b9bd:   00 00 00 56 8b 0d a8 d6 11 b7 f6 c1 01 0f 85 30
0xa753b9cd:   00 00 00 8b c1 83 e0 01 8b 54 04 0c 8b 74 24 10
0xa753b9dd:   8b 12 c1 ee 02 8b 04 32 8b 54 32 04 be a8 d6 11
0xa753b9ed:   b7 33 f2 33 f0 33 f2 33 f0 3b 0e 0f 85 02 00 00 

Register to memory mapping:

EAX=0x00000000 is an unknown value
EBX=0x6304c624: <offset 0x4c624> in /usr/lib/jvm/java-8-oracle/jre/lib/i386/libawt_xawt.so at 0x63000000
ECX=0x0000000a is an unknown value
EDX=0x00000000 is an unknown value
ESP=0x62dcda08 is pointing into the stack for thread: 0x631bc400
EBP=0x62dcda48 is pointing into the stack for thread: 0x631bc400
ESI=0x00000042 is an unknown value
EDI=0x00000000 is an unknown value


Stack: [0x62d7e000,0x62dcf000],  sp=0x62dcda08,  free space=318k
Native frames: (J=compiled Java code, j=interpreted, Vv=VM code, C=native code)
v  ~BufferBlob::jni_fast_GetLongField
C  [libX11.so.6+0x5de18]  _XimServerDestroy+0x68

Java frames: (J=compiled Java code, j=interpreted, Vv=VM code)
j  sun.awt.X11.XlibWrapper.XFilterEvent(JJ)Z+0
j  sun.awt.X11.XToolkit.run(Z)V+300
j  sun.awt.X11.XToolkit.run()V+5
j  java.lang.Thread.run()V+11
v  ~StubRoutines::call_stub

---------------  P R O C E S S  ---------------

Java Threads: ( => current thread )
  0x639c6800 JavaThread "TimerQueue" daemon [_thread_blocked, id=15215, stack(0x62922000,0x62973000)]
  0xb6507400 JavaThread "DestroyJavaVM" [_thread_blocked, id=15197, stack(0xb6688000,0xb66d9000)]
  0x631e7800 JavaThread "AWT-EventQueue-0" [_thread_blocked, id=15214, stack(0x62adc000,0x62b2d000)]
  0x631e6400 JavaThread "AWT-Shutdown" [_thread_blocked, id=15213, stack(0x62b2d000,0x62b7e000)]
=>0x631bc400 JavaThread "AWT-XAWT" daemon [_thread_in_native, id=15212, stack(0x62d7e000,0x62dcf000)]
  0x631a5800 JavaThread "Java2D Disposer" daemon [_thread_blocked, id=15211, stack(0x62dcf000,0x62e20000)]
  0x63baac00 JavaThread "Service Thread" daemon [_thread_blocked, id=15209, stack(0x632bc000,0x6330d000)]
  0x63ba7800 JavaThread "C1 CompilerThread2" daemon [_thread_blocked, id=15208, stack(0x6330d000,0x6338e000)]
  0x63ba6000 JavaThread "C2 CompilerThread1" daemon [_thread_blocked, id=15207, stack(0x6338e000,0x6340f000)]
  0x63ba4400 JavaThread "C2 CompilerThread0" daemon [_thread_blocked, id=15206, stack(0x6340f000,0x63490000)]
  0x63ba2800 JavaThread "Signal Dispatcher" daemon [_thread_blocked, id=15205, stack(0x63a0d000,0x63a5e000)]
  0x63b85c00 JavaThread "Finalizer" daemon [_thread_blocked, id=15204, stack(0x63a5e000,0x63aaf000)]
  0x63b84400 JavaThread "Reference Handler" daemon [_thread_blocked, id=15203, stack(0x63aaf000,0x63b00000)]

Other Threads:
  0x63b81400 VMThread [stack: 0x63c0b000,0x63c8c000] [id=15202]
  0x63bb5800 WatcherThread [stack: 0x6323b000,0x632bc000] [id=15210]

VM state:not at safepoint (normal execution)

VM Mutex/Monitor currently owned by a thread: None

Heap:
 PSYoungGen      total 19200K, used 7023K [0x91ac0000, 0x93000000, 0xa7000000)
  eden space 16640K, 42% used [0x91ac0000,0x9219bfc8,0x92b00000)
  from space 2560K, 0% used [0x92d80000,0x92d80000,0x93000000)
  to   space 2560K, 0% used [0x92b00000,0x92b00000,0x92d80000)
 ParOldGen       total 43776K, used 0K [0x67000000, 0x69ac0000, 0x91ac0000)
  object space 43776K, 0% used [0x67000000,0x67000000,0x69ac0000)
 Metaspace       used 8069K, capacity 8262K, committed 8344K, reserved 8496K

Card table byte_map: [0x66dff000,0x67000000] byte_map_base: 0x66ac7000

Marking Bits: (ParMarkBitMap*) 0xb711d380
 Begin Bits: [0x64700000, 0x65700000)
 End Bits:   [0x65700000, 0x66700000)

Polling page: 0xb7722000

CodeCache: size=245760Kb used=1864Kb max_used=1876Kb free=243895Kb
 bounds [0xa74e6000, 0xa7726000, 0xb64e6000]
 total_blobs=1047 nmethods=768 adapters=194
 compilation: enabled

Compilation events (10 events):
Event: 5.033 Thread 0x63ba6000 nmethod 764 0xa76b6b08 code [0xa76b6c40, 0xa76b6ffc]
Event: 5.033 Thread 0x63ba6000  765       4       java.lang.StringBuilder::append (8 bytes)
Event: 5.037 Thread 0x63ba7800  766       3       java.nio.ByteBuffer::arrayOffset (35 bytes)
Event: 5.037 Thread 0x63ba7800 nmethod 766 0xa76b66c8 code [0xa76b6800, 0xa76b6a18]
Event: 5.037 Thread 0x63ba7800  768       3       javax.swing.text.SegmentCache::getSharedInstance (4 bytes)
Event: 5.037 Thread 0x63ba7800 nmethod 768 0xa76b6448 code [0xa76b6560, 0xa76b6620]
Event: 5.037 Thread 0x63ba7800  767       3       java.nio.Buffer::flip (20 bytes)
Event: 5.037 Thread 0x63ba7800 nmethod 767 0xa76b8548 code [0xa76b8660, 0xa76b8740]
Event: 5.038 Thread 0x63ba4400 nmethod 763 0xa76b9208 code [0xa76b9320, 0xa76b9490]
Event: 5.041 Thread 0x63ba6000 nmethod 765 0xa76b7cc8 code [0xa76b7e00, 0xa76b81bc]

GC Heap History (0 events):
No events

Deoptimization events (4 events):
Event: 1.082 Thread 0x631e7800 Uncommon trap: reason=class_check action=maybe_recompile pc=0xa75ca790 method=java.lang.String.equals(Ljava/lang/Object;)Z @ 8
Event: 1.082 Thread 0x631e7800 Uncommon trap: reason=class_check action=maybe_recompile pc=0xa75ca790 method=java.lang.String.equals(Ljava/lang/Object;)Z @ 8
Event: 1.223 Thread 0x631e7800 Uncommon trap: reason=class_check action=maybe_recompile pc=0xa75ca790 method=java.lang.String.equals(Ljava/lang/Object;)Z @ 8
Event: 1.223 Thread 0x631e7800 Uncommon trap: reason=class_check action=maybe_recompile pc=0xa75ca790 method=java.lang.String.equals(Ljava/lang/Object;)Z @ 8

Internal exceptions (10 events):
Event: 0.080 Thread 0xb6507400 Exception <a 'java/security/PrivilegedActionException'> (0x91b8ee28) thrown at [/HUDSON/workspace/8-2-build-linux-i586/jdk8u66/4988/hotspot/src/share/vm/prims/jvm.cpp, line 1386]
Event: 0.080 Thread 0xb6507400 Exception <a 'java/security/PrivilegedActionException'> (0x91b91008) thrown at [/HUDSON/workspace/8-2-build-linux-i586/jdk8u66/4988/hotspot/src/share/vm/prims/jvm.cpp, line 1386]
Event: 0.080 Thread 0xb6507400 Exception <a 'java/security/PrivilegedActionException'> (0x91b91208) thrown at [/HUDSON/workspace/8-2-build-linux-i586/jdk8u66/4988/hotspot/src/share/vm/prims/jvm.cpp, line 1386]
Event: 0.118 Thread 0xb6507400 Exception <a 'java/lang/NoSuchFieldError': method resolution failed> (0x91ca1c90) thrown at [/HUDSON/workspace/8-2-build-linux-i586/jdk8u66/4988/hotspot/src/share/vm/prims/methodHandles.cpp, line 1146]
Event: 0.119 Thread 0xb6507400 Exception <a 'java/lang/NoSuchFieldError': method resolution failed> (0x91cae210) thrown at [/HUDSON/workspace/8-2-build-linux-i586/jdk8u66/4988/hotspot/src/share/vm/prims/methodHandles.cpp, line 1146]
Event: 0.136 Thread 0xb6507400 Exception <a 'java/io/FileNotFoundException'> (0x91d22328) thrown at [/HUDSON/workspace/8-2-build-linux-i586/jdk8u66/4988/hotspot/src/share/vm/prims/jni.cpp, line 709]
Event: 0.136 Thread 0xb6507400 Exception <a 'java/io/FileNotFoundException'> (0x91d22d18) thrown at [/HUDSON/workspace/8-2-build-linux-i586/jdk8u66/4988/hotspot/src/share/vm/prims/jni.cpp, line 709]
Event: 0.490 Thread 0x631e7800 Exception <a 'java/lang/UnsupportedOperationException': > (0x91ebe4e0) thrown at [/HUDSON/workspace/8-2-build-linux-i586/jdk8u66/4988/hotspot/src/share/vm/prims/jni.cpp, line 735]
Event: 5.026 Thread 0x631e7800 Exception <a 'java/lang/RuntimeException'> (0x92183538) thrown at [/HUDSON/workspace/8-2-build-linux-i586/jdk8u66/4988/hotspot/src/share/vm/prims/jvm.cpp, line 1390]
Event: 5.026 Thread 0x631e7800 Exception <a 'java/lang/RuntimeException'> (0x92183538) thrown at [/HUDSON/workspace/8-2-build-linux-i586/jdk8u66/4988/hotspot/src/share/vm/prims/jvm.cpp, line 1390]

Events (10 events):
Event: 5.025 loading class ssa/limpieza/model/LimpiezaModelo
Event: 5.025 loading class ssa/limpieza/model/LimpiezaModelo done
Event: 5.026 loading class java/lang/InterruptedException
Event: 5.026 loading class java/lang/InterruptedException done
Event: 5.027 loading class java/lang/Throwable$WrappedPrintStream
Event: 5.027 loading class java/lang/Throwable$PrintStreamOrWriter
Event: 5.027 loading class java/lang/Throwable$PrintStreamOrWriter done
Event: 5.027 loading class java/lang/Throwable$WrappedPrintStream done
Event: 14.296 loading class sun/awt/X11/XDestroyWindowEvent
Event: 14.296 loading class sun/awt/X11/XDestroyWindowEvent done


Dynamic libraries:
08048000-08049000 r-xp 00000000 08:02 7999904    /usr/lib/jvm/java-8-oracle/bin/java
08049000-0804a000 rw-p 00000000 08:02 7999904    /usr/lib/jvm/java-8-oracle/bin/java
08c18000-08c45000 rw-p 00000000 00:00 0          [heap]
62500000-625e0000 rw-p 00000000 00:00 0 
625e0000-62600000 ---p 00000000 00:00 0 
62600000-62629000 rw-p 00000000 00:00 0 
62629000-62700000 ---p 00000000 00:00 0 
62700000-6272d000 rw-p 00000000 00:00 0 
6272d000-62800000 ---p 00000000 00:00 0 
62800000-62889000 rw-p 00000000 00:00 0 
62889000-62900000 ---p 00000000 00:00 0 
62922000-62925000 ---p 00000000 00:00 0 
62925000-62973000 rw-p 00000000 00:00 0          [stack:15215]
62973000-629d4000 r-xp 00000000 08:02 8127635    /usr/lib/jvm/java-8-oracle/jre/lib/i386/libt2k.so
629d4000-629d8000 rw-p 00060000 08:02 8127635    /usr/lib/jvm/java-8-oracle/jre/lib/i386/libt2k.so
629d8000-62adc000 rw-p 00000000 00:00 0 
62adc000-62adf000 ---p 00000000 00:00 0 
62adf000-62b2d000 rw-p 00000000 00:00 0          [stack:15214]
62b2d000-62b30000 ---p 00000000 00:00 0 
62b30000-62c7e000 rw-p 00000000 00:00 0          [stack:15213]
62c7e000-62d7e000 rw-p 00000000 00:00 0 
62d7e000-62d81000 ---p 00000000 00:00 0 
62d81000-62dcf000 rw-p 00000000 00:00 0          [stack:15212]
62dcf000-62dd2000 ---p 00000000 00:00 0 
62dd2000-62e20000 rw-p 00000000 00:00 0          [stack:15211]
62e20000-62e3c000 r-xp 00000000 08:02 9706137    /lib/i386-linux-gnu/libgcc_s.so.1
62e3c000-62e3d000 rw-p 0001b000 08:02 9706137    /lib/i386-linux-gnu/libgcc_s.so.1
62e3d000-62e9f000 r-xp 00000000 08:02 8127538    /usr/lib/jvm/java-8-oracle/jre/lib/i386/libfontmanager.so
62e9f000-62ea2000 rw-p 00061000 08:02 8127538    /usr/lib/jvm/java-8-oracle/jre/lib/i386/libfontmanager.so
62ea2000-62ea6000 rw-p 00000000 00:00 0 
62ea6000-62ecc000 r--p 00000000 08:02 8653573    /usr/share/locale-langpack/es/LC_MESSAGES/libc.mo
62ecc000-62ffc000 r-xp 00000000 08:02 7344613    /usr/lib/i386-linux-gnu/libX11.so.6.3.0
62ffc000-62ffd000 r--p 00130000 08:02 7344613    /usr/lib/i386-linux-gnu/libX11.so.6.3.0
62ffd000-62fff000 rw-p 00131000 08:02 7344613    /usr/lib/i386-linux-gnu/libX11.so.6.3.0
62fff000-63000000 rw-p 00000000 00:00 0 
63000000-6304c000 r-xp 00000000 08:02 8127634    /usr/lib/jvm/java-8-oracle/jre/lib/i386/libawt_xawt.so
6304c000-6304e000 rw-p 0004c000 08:02 8127634    /usr/lib/jvm/java-8-oracle/jre/lib/i386/libawt_xawt.so
6304e000-6304f000 rw-p 00000000 00:00 0 
6304f000-630d5000 r-xp 00000000 08:02 8127524    /usr/lib/jvm/java-8-oracle/jre/lib/i386/libawt.so
630d5000-630dc000 rw-p 00086000 08:02 8127524    /usr/lib/jvm/java-8-oracle/jre/lib/i386/libawt.so
630dc000-63100000 rw-p 00000000 00:00 0 
63100000-631fa000 rw-p 00000000 00:00 0 
631fa000-63200000 ---p 00000000 00:00 0 
63203000-63218000 r-xp 00000000 08:02 8127715    /usr/lib/jvm/java-8-oracle/jre/lib/i386/libnet.so
63218000-63219000 rw-p 00015000 08:02 8127715    /usr/lib/jvm/java-8-oracle/jre/lib/i386/libnet.so
63219000-63239000 r-xp 00000000 08:02 7345267    /usr/lib/i386-linux-gnu/libxcb.so.1.1.0
63239000-6323a000 r--p 0001f000 08:02 7345267    /usr/lib/i386-linux-gnu/libxcb.so.1.1.0
6323a000-6323b000 rw-p 00020000 08:02 7345267    /usr/lib/i386-linux-gnu/libxcb.so.1.1.0
6323b000-6323c000 ---p 00000000 00:00 0 
6323c000-632bc000 rw-p 00000000 00:00 0          [stack:15210]
632bc000-632bf000 ---p 00000000 00:00 0 
632bf000-6330d000 rw-p 00000000 00:00 0          [stack:15209]
6330d000-63310000 ---p 00000000 00:00 0 
63310000-6338e000 rw-p 00000000 00:00 0          [stack:15208]
6338e000-63391000 ---p 00000000 00:00 0 
63391000-6340f000 rw-p 00000000 00:00 0          [stack:15207]
6340f000-63412000 ---p 00000000 00:00 0 
63412000-63490000 rw-p 00000000 00:00 0          [stack:15206]
63490000-63600000 r--p 0053d000 08:02 7345289    /usr/lib/locale/locale-archive
63600000-63800000 r--p 00000000 08:02 7345289    /usr/lib/locale/locale-archive
63800000-63821000 rw-p 00000000 00:00 0 
63821000-63900000 ---p 00000000 00:00 0 
63900000-63a00000 rw-p 00000000 00:00 0 
63a0d000-63a10000 ---p 00000000 00:00 0 
63a10000-63a5e000 rw-p 00000000 00:00 0          [stack:15205]
63a5e000-63a61000 ---p 00000000 00:00 0 
63a61000-63aaf000 rw-p 00000000 00:00 0          [stack:15204]
63aaf000-63ab2000 ---p 00000000 00:00 0 
63ab2000-63b00000 rw-p 00000000 00:00 0          [stack:15203]
63b00000-63bef000 rw-p 00000000 00:00 0 
63bef000-63c00000 ---p 00000000 00:00 0 
63c0b000-63c0c000 ---p 00000000 00:00 0 
63c0c000-63cdb000 rw-p 00000000 00:00 0          [stack:15202]
63cdb000-63eb4000 r--s 03d20000 08:02 7999969    /usr/lib/jvm/java-8-oracle/jre/lib/rt.jar
63eb4000-642fa000 rw-p 00000000 00:00 0 
642fa000-64300000 ---p 00000000 00:00 0 
64300000-66700000 rw-p 00000000 00:00 0 
66700000-66751000 rw-p 00000000 00:00 0 
66751000-66800000 ---p 00000000 00:00 0 
66801000-66810000 r-xp 00000000 08:02 8127510    /usr/lib/jvm/java-8-oracle/jre/lib/i386/libnio.so
66810000-66811000 rw-p 0000e000 08:02 8127510    /usr/lib/jvm/java-8-oracle/jre/lib/i386/libnio.so
66811000-66822000 r-xp 00000000 08:02 7340324    /usr/lib/i386-linux-gnu/libXext.so.6.4.0
66822000-66823000 r--p 00010000 08:02 7340324    /usr/lib/i386-linux-gnu/libXext.so.6.4.0
66823000-66824000 rw-p 00011000 08:02 7340324    /usr/lib/i386-linux-gnu/libXext.so.6.4.0
66824000-6687f000 rw-p 00000000 00:00 0 
6687f000-66880000 ---p 00000000 00:00 0 
66880000-66900000 rw-p 00000000 00:00 0          [stack:15201]
66900000-66921000 rw-p 00000000 00:00 0 
66921000-66a00000 ---p 00000000 00:00 0 
66a00000-66b00000 rw-p 00000000 00:00 0 
66b00000-66b21000 rw-p 00000000 00:00 0 
66b21000-66c00000 ---p 00000000 00:00 0 
66c00000-66c0e000 r-xp 00000000 08:02 7341167    /usr/lib/i386-linux-gnu/libXi.so.6.1.0
66c0e000-66c0f000 r--p 0000e000 08:02 7341167    /usr/lib/i386-linux-gnu/libXi.so.6.1.0
66c0f000-66c10000 rw-p 0000f000 08:02 7341167    /usr/lib/i386-linux-gnu/libXi.so.6.1.0
66c10000-66c14000 r-xp 00000000 08:02 7343003    /usr/lib/i386-linux-gnu/libXfixes.so.3.1.0
66c14000-66c15000 r--p 00003000 08:02 7343003    /usr/lib/i386-linux-gnu/libXfixes.so.3.1.0
66c15000-66c16000 rw-p 00004000 08:02 7343003    /usr/lib/i386-linux-gnu/libXfixes.so.3.1.0
66c16000-66c1f000 r-xp 00000000 08:02 7343531    /usr/lib/i386-linux-gnu/libXcursor.so.1.0.2
66c1f000-66c20000 r--p 00008000 08:02 7343531    /usr/lib/i386-linux-gnu/libXcursor.so.1.0.2
66c20000-66c21000 rw-p 00009000 08:02 7343531    /usr/lib/i386-linux-gnu/libXcursor.so.1.0.2
66c21000-66c28000 r--s 00000000 08:02 7348314    /usr/lib/i386-linux-gnu/gconv/gconv-modules.cache
66c28000-66c29000 ---p 00000000 00:00 0 
66c29000-66cbf000 rw-p 00000000 00:00 0          [stack:15200]
66cbf000-66dff000 ---p 00000000 00:00 0 
66dff000-66e15000 rw-p 00000000 00:00 0 
66e15000-66f54000 ---p 00000000 00:00 0 
66f54000-66f5f000 rw-p 00000000 00:00 0 
66f5f000-66fff000 ---p 00000000 00:00 0 
66fff000-69ac0000 rw-p 00000000 00:00 0 
69ac0000-91ac0000 ---p 00000000 00:00 0 
91ac0000-93000000 rw-p 00000000 00:00 0 
93000000-a7000000 ---p 00000000 00:00 0 
a7005000-a700a000 r-xp 00000000 08:02 7340256    /usr/lib/i386-linux-gnu/libXdmcp.so.6.0.0
a700a000-a700b000 r--p 00004000 08:02 7340256    /usr/lib/i386-linux-gnu/libXdmcp.so.6.0.0
a700b000-a700c000 rw-p 00005000 08:02 7340256    /usr/lib/i386-linux-gnu/libXdmcp.so.6.0.0
a700c000-a7024000 rw-p 00000000 00:00 0 
a7024000-a7025000 ---p 00000000 00:00 0 
a7025000-a70a5000 rw-p 00000000 00:00 0          [stack:15199]
a70a5000-a70a6000 ---p 00000000 00:00 0 
a70a6000-a712f000 rw-p 00000000 00:00 0          [stack:15198]
a712f000-a74e6000 ---p 00000000 00:00 0 
a74e6000-a7726000 rwxp 00000000 00:00 0 
a7726000-b64e6000 ---p 00000000 00:00 0 
b64e6000-b64ff000 r-xp 00000000 08:02 8127638    /usr/lib/jvm/java-8-oracle/jre/lib/i386/libzip.so
b64ff000-b6500000 rw-p 00019000 08:02 8127638    /usr/lib/jvm/java-8-oracle/jre/lib/i386/libzip.so
b6500000-b65fb000 rw-p 00000000 00:00 0 
b65fb000-b6600000 ---p 00000000 00:00 0 
b6601000-b6603000 r-xp 00000000 08:02 7340238    /usr/lib/i386-linux-gnu/libXau.so.6.0.0
b6603000-b6604000 r--p 00001000 08:02 7340238    /usr/lib/i386-linux-gnu/libXau.so.6.0.0
b6604000-b6605000 rw-p 00002000 08:02 7340238    /usr/lib/i386-linux-gnu/libXau.so.6.0.0
b6605000-b660e000 r-xp 00000000 08:02 7340518    /usr/lib/i386-linux-gnu/libXrender.so.1.3.0
b660e000-b660f000 r--p 00008000 08:02 7340518    /usr/lib/i386-linux-gnu/libXrender.so.1.3.0
b660f000-b6610000 rw-p 00009000 08:02 7340518    /usr/lib/i386-linux-gnu/libXrender.so.1.3.0
b6610000-b661b000 r-xp 00000000 08:02 9704852    /lib/i386-linux-gnu/libnss_files-2.19.so
b661b000-b661c000 r--p 0000a000 08:02 9704852    /lib/i386-linux-gnu/libnss_files-2.19.so
b661c000-b661d000 rw-p 0000b000 08:02 9704852    /lib/i386-linux-gnu/libnss_files-2.19.so
b661d000-b6627000 r-xp 00000000 08:02 9704838    /lib/i386-linux-gnu/libnss_nis-2.19.so
b6627000-b6628000 r--p 00009000 08:02 9704838    /lib/i386-linux-gnu/libnss_nis-2.19.so
b6628000-b6629000 rw-p 0000a000 08:02 9704838    /lib/i386-linux-gnu/libnss_nis-2.19.so
b6629000-b663e000 r-xp 00000000 08:02 9704839    /lib/i386-linux-gnu/libnsl-2.19.so
b663e000-b663f000 r--p 00015000 08:02 9704839    /lib/i386-linux-gnu/libnsl-2.19.so
b663f000-b6640000 rw-p 00016000 08:02 9704839    /lib/i386-linux-gnu/libnsl-2.19.so
b6640000-b6642000 rw-p 00000000 00:00 0 
b6644000-b6649000 r-xp 00000000 08:02 7340898    /usr/lib/i386-linux-gnu/libXtst.so.6.1.0
b6649000-b664a000 r--p 00004000 08:02 7340898    /usr/lib/i386-linux-gnu/libXtst.so.6.1.0
b664a000-b664b000 rw-p 00005000 08:02 7340898    /usr/lib/i386-linux-gnu/libXtst.so.6.1.0
b664b000-b6651000 r--s 002f8000 08:02 7999954    /usr/lib/jvm/java-8-oracle/jre/lib/charsets.jar
b6651000-b6652000 r--s 00000000 08:02 10356204   /home/sergio/Programas/Desarrollo/Netbeans/netbeans-8.1/java/modules/ext/AbsoluteLayout.jar
b6652000-b665a000 rw-s 00000000 08:02 3670057    /tmp/hsperfdata_sergio/15192
b665a000-b667e000 r-xp 00000000 08:02 8127579    /usr/lib/jvm/java-8-oracle/jre/lib/i386/libjava.so
b667e000-b667f000 rw-p 00023000 08:02 8127579    /usr/lib/jvm/java-8-oracle/jre/lib/i386/libjava.so
b667f000-b6686000 r-xp 00000000 08:02 9704853    /lib/i386-linux-gnu/librt-2.19.so
b6686000-b6687000 r--p 00006000 08:02 9704853    /lib/i386-linux-gnu/librt-2.19.so
b6687000-b6688000 rw-p 00007000 08:02 9704853    /lib/i386-linux-gnu/librt-2.19.so
b6688000-b668b000 ---p 00000000 00:00 0 
b668b000-b66d9000 rw-p 00000000 00:00 0          [stack:15197]
b66d9000-b671d000 r-xp 00000000 08:02 9704843    /lib/i386-linux-gnu/libm-2.19.so
b671d000-b671e000 r--p 00043000 08:02 9704843    /lib/i386-linux-gnu/libm-2.19.so
b671e000-b671f000 rw-p 00044000 08:02 9704843    /lib/i386-linux-gnu/libm-2.19.so
b671f000-b709f000 r-xp 00000000 08:02 8127656    /usr/lib/jvm/java-8-oracle/jre/lib/i386/server/libjvm.so
b709f000-b710c000 rw-p 00980000 08:02 8127656    /usr/lib/jvm/java-8-oracle/jre/lib/i386/server/libjvm.so
b710c000-b7532000 rw-p 00000000 00:00 0 
b7532000-b76da000 r-xp 00000000 08:02 9704835    /lib/i386-linux-gnu/libc-2.19.so
b76da000-b76dc000 r--p 001a8000 08:02 9704835    /lib/i386-linux-gnu/libc-2.19.so
b76dc000-b76dd000 rw-p 001aa000 08:02 9704835    /lib/i386-linux-gnu/libc-2.19.so
b76dd000-b76e0000 rw-p 00000000 00:00 0 
b76e0000-b76e3000 r-xp 00000000 08:02 9704836    /lib/i386-linux-gnu/libdl-2.19.so
b76e3000-b76e4000 r--p 00002000 08:02 9704836    /lib/i386-linux-gnu/libdl-2.19.so
b76e4000-b76e5000 rw-p 00003000 08:02 9704836    /lib/i386-linux-gnu/libdl-2.19.so
b76e5000-b76f9000 r-xp 00000000 08:02 7999842    /usr/lib/jvm/java-8-oracle/lib/i386/jli/libjli.so
b76f9000-b76fa000 rw-p 00014000 08:02 7999842    /usr/lib/jvm/java-8-oracle/lib/i386/jli/libjli.so
b76fa000-b76fb000 rw-p 00000000 00:00 0 
b76fb000-b7713000 r-xp 00000000 08:02 9704848    /lib/i386-linux-gnu/libpthread-2.19.so
b7713000-b7714000 r--p 00018000 08:02 9704848    /lib/i386-linux-gnu/libpthread-2.19.so
b7714000-b7715000 rw-p 00019000 08:02 9704848    /lib/i386-linux-gnu/libpthread-2.19.so
b7715000-b7717000 rw-p 00000000 00:00 0 
b7717000-b7718000 r--p 006af000 08:02 7345289    /usr/lib/locale/locale-archive
b7718000-b771f000 r-xp 00000000 08:02 9704844    /lib/i386-linux-gnu/libnss_compat-2.19.so
b771f000-b7720000 r--p 00006000 08:02 9704844    /lib/i386-linux-gnu/libnss_compat-2.19.so
b7720000-b7721000 rw-p 00007000 08:02 9704844    /lib/i386-linux-gnu/libnss_compat-2.19.so
b7721000-b7722000 rw-p 00000000 00:00 0 
b7722000-b7723000 r--p 00000000 00:00 0 
b7723000-b772e000 r-xp 00000000 08:02 8127644    /usr/lib/jvm/java-8-oracle/jre/lib/i386/libverify.so
b772e000-b772f000 rw-p 0000b000 08:02 8127644    /usr/lib/jvm/java-8-oracle/jre/lib/i386/libverify.so
b772f000-b7731000 rw-p 00000000 00:00 0 
b7731000-b7732000 r-xp 00000000 00:00 0          [vdso]
b7732000-b7752000 r-xp 00000000 08:02 9704837    /lib/i386-linux-gnu/ld-2.19.so
b7752000-b7753000 r--p 0001f000 08:02 9704837    /lib/i386-linux-gnu/ld-2.19.so
b7753000-b7754000 rw-p 00020000 08:02 9704837    /lib/i386-linux-gnu/ld-2.19.so
bfab7000-bfab8000 rwxp 00000000 00:00 0 
bfaea000-bfb0b000 rw-p 00000000 00:00 0          [stack]

VM Arguments:
jvm_args: -Dfile.encoding=UTF-8 
java_command: index.Controlador
java_class_path (initial): /home/sergio/Programas/Desarrollo/Netbeans/netbeans-8.1/java/modules/ext/AbsoluteLayout.jar:/home/sergio/Enlace hacia Sergio Betancourt/Documents/NetBeansProjects/LImpiaRegistros/LimpiaRegistros/build/classes
Launcher Type: SUN_STANDARD

Environment Variables:
PATH=/usr/local/sbin:/usr/local/bin:/usr/sbin:/usr/bin:/sbin:/bin:/usr/games:/usr/local/games
LD_LIBRARY_PATH=/usr/lib/jvm/java-8-oracle/jre/lib/amd64:/usr/lib/jvm/java-8-oracle/jre/lib/i386:
SHELL=/bin/bash
DISPLAY=:0

Signal Handlers:
SIGSEGV: [libjvm.so+0x8cdc10], sa_mask[0]=11111111011111111101111111111110, sa_flags=SA_RESTART|SA_SIGINFO
SIGBUS: [libjvm.so+0x8cdc10], sa_mask[0]=11111111011111111101111111111110, sa_flags=SA_RESTART|SA_SIGINFO
SIGFPE: [libjvm.so+0x74dbb0], sa_mask[0]=11111111011111111101111111111110, sa_flags=SA_RESTART|SA_SIGINFO
SIGPIPE: [libjvm.so+0x74dbb0], sa_mask[0]=11111111011111111101111111111110, sa_flags=SA_RESTART|SA_SIGINFO
SIGXFSZ: [libjvm.so+0x74dbb0], sa_mask[0]=11111111011111111101111111111110, sa_flags=SA_RESTART|SA_SIGINFO
SIGILL: [libjvm.so+0x74dbb0], sa_mask[0]=11111111011111111101111111111110, sa_flags=SA_RESTART|SA_SIGINFO
SIGUSR1: SIG_DFL, sa_mask[0]=00000000000000000000000000000000, sa_flags=none
SIGUSR2: [libjvm.so+0x74f230], sa_mask[0]=00100000000000000000000000000000, sa_flags=SA_RESTART|SA_SIGINFO
SIGHUP: [libjvm.so+0x7506e0], sa_mask[0]=11111111011111111101111111111110, sa_flags=SA_RESTART|SA_SIGINFO
SIGINT: SIG_IGN, sa_mask[0]=00000000000000000000000000000000, sa_flags=none
SIGTERM: [libjvm.so+0x7506e0], sa_mask[0]=11111111011111111101111111111110, sa_flags=SA_RESTART|SA_SIGINFO
SIGQUIT: [libjvm.so+0x7506e0], sa_mask[0]=11111111011111111101111111111110, sa_flags=SA_RESTART|SA_SIGINFO


---------------  S Y S T E M  ---------------

OS:DISTRIB_ID=Ubuntu
DISTRIB_RELEASE=14.04
DISTRIB_CODENAME=trusty
DISTRIB_DESCRIPTION="Ubuntu 14.04.3 LTS"

uname:Linux 3.13.0-68-generic #111-Ubuntu SMP Fri Nov 6 18:18:09 UTC 2015 i686
libc:glibc 2.19 NPTL 2.19 
rlimit: STACK 8192k, CORE 0k, NPROC 62374, NOFILE 4096, AS infinity
load average:2.57 1.11 0.75

/proc/meminfo:
MemTotal:        8003124 kB
MemFree:         4573836 kB
Buffers:          245868 kB
Cached:          2396884 kB
SwapCached:            0 kB
Active:          1593284 kB
Inactive:        1678232 kB
Active(anon):     640652 kB
Inactive(anon):   569732 kB
Active(file):     952632 kB
Inactive(file):  1108500 kB
Unevictable:          32 kB
Mlocked:              32 kB
HighTotal:       7189464 kB
HighFree:        4237032 kB
LowTotal:         813660 kB
LowFree:          336804 kB
SwapTotal:             0 kB
SwapFree:              0 kB
Dirty:              1436 kB
Writeback:             0 kB
AnonPages:        627128 kB
Mapped:           219180 kB
Shmem:            581464 kB
Slab:             121464 kB
SReclaimable:      95460 kB
SUnreclaim:        26004 kB
KernelStack:        2088 kB
PageTables:         5772 kB
NFS_Unstable:          0 kB
Bounce:                0 kB
WritebackTmp:          0 kB
CommitLimit:     4001560 kB
Committed_AS:    3225696 kB
VmallocTotal:     122880 kB
VmallocUsed:       18116 kB
VmallocChunk:      99100 kB
HardwareCorrupted:     0 kB
AnonHugePages:    309248 kB
HugePages_Total:       0
HugePages_Free:        0
HugePages_Rsvd:        0
HugePages_Surp:        0
Hugepagesize:       2048 kB
DirectMap4k:       12280 kB
DirectMap2M:      901120 kB


CPU:total 4 (2 cores per cpu, 2 threads per core) family 6 model 60 stepping 3, cmov, cx8, fxsr, mmx, sse, sse2, sse3, ssse3, sse4.1, sse4.2, popcnt, avx, avx2, aes, clmul, erms, lzcnt, ht, tsc, tscinvbit, bmi1, bmi2

/proc/cpuinfo:
processor	: 0
vendor_id	: GenuineIntel
cpu family	: 6
model		: 60
model name	: Intel(R) Core(TM) i5-4210M CPU @ 2.60GHz
stepping	: 3
microcode	: 0x1c
cpu MHz		: 2601.000
cache size	: 3072 KB
physical id	: 0
siblings	: 4
core id		: 0
cpu cores	: 2
apicid		: 0
initial apicid	: 0
fdiv_bug	: no
f00f_bug	: no
coma_bug	: no
fpu		: yes
fpu_exception	: yes
cpuid level	: 13
wp		: yes
flags		: fpu vme de pse tsc msr pae mce cx8 apic sep mtrr pge mca cmov pat pse36 clflush dts acpi mmx fxsr sse sse2 ss ht tm pbe nx pdpe1gb rdtscp lm constant_tsc arch_perfmon pebs bts xtopology nonstop_tsc aperfmperf eagerfpu pni pclmulqdq dtes64 monitor ds_cpl vmx est tm2 ssse3 fma cx16 xtpr pdcm pcid sse4_1 sse4_2 movbe popcnt tsc_deadline_timer aes xsave avx f16c rdrand lahf_lm abm ida arat epb xsaveopt pln pts dtherm tpr_shadow vnmi flexpriority ept vpid fsgsbase tsc_adjust bmi1 avx2 smep bmi2 erms invpcid
bogomips	: 5188.46
clflush size	: 64
cache_alignment	: 64
address sizes	: 39 bits physical, 48 bits virtual
power management:

processor	: 1
vendor_id	: GenuineIntel
cpu family	: 6
model		: 60
model name	: Intel(R) Core(TM) i5-4210M CPU @ 2.60GHz
stepping	: 3
microcode	: 0x1c
cpu MHz		: 2601.000
cache size	: 3072 KB
physical id	: 0
siblings	: 4
core id		: 0
cpu cores	: 2
apicid		: 1
initial apicid	: 1
fdiv_bug	: no
f00f_bug	: no
coma_bug	: no
fpu		: yes
fpu_exception	: yes
cpuid level	: 13
wp		: yes
flags		: fpu vme de pse tsc msr pae mce cx8 apic sep mtrr pge mca cmov pat pse36 clflush dts acpi mmx fxsr sse sse2 ss ht tm pbe nx pdpe1gb rdtscp lm constant_tsc arch_perfmon pebs bts xtopology nonstop_tsc aperfmperf eagerfpu pni pclmulqdq dtes64 monitor ds_cpl vmx est tm2 ssse3 fma cx16 xtpr pdcm pcid sse4_1 sse4_2 movbe popcnt tsc_deadline_timer aes xsave avx f16c rdrand lahf_lm abm ida arat epb xsaveopt pln pts dtherm tpr_shadow vnmi flexpriority ept vpid fsgsbase tsc_adjust bmi1 avx2 smep bmi2 erms invpcid
bogomips	: 5188.46
clflush size	: 64
cache_alignment	: 64
address sizes	: 39 bits physical, 48 bits virtual
power management:

processor	: 2
vendor_id	: GenuineIntel
cpu family	: 6
model		: 60
model name	: Intel(R) Core(TM) i5-4210M CPU @ 2.60GHz
stepping	: 3
microcode	: 0x1c
cpu MHz		: 2601.000
cache size	: 3072 KB
physical id	: 0
siblings	: 4
core id		: 1
cpu cores	: 2
apicid		: 2
initial apicid	: 2
fdiv_bug	: no
f00f_bug	: no
coma_bug	: no
fpu		: yes
fpu_exception	: yes
cpuid level	: 13
wp		: yes
flags		: fpu vme de pse tsc msr pae mce cx8 apic sep mtrr pge mca cmov pat pse36 clflush dts acpi mmx fxsr sse sse2 ss ht tm pbe nx pdpe1gb rdtscp lm constant_tsc arch_perfmon pebs bts xtopology nonstop_tsc aperfmperf eagerfpu pni pclmulqdq dtes64 monitor ds_cpl vmx est tm2 ssse3 fma cx16 xtpr pdcm pcid sse4_1 sse4_2 movbe popcnt tsc_deadline_timer aes xsave avx f16c rdrand lahf_lm abm ida arat epb xsaveopt pln pts dtherm tpr_shadow vnmi flexpriority ept vpid fsgsbase tsc_adjust bmi1 avx2 smep bmi2 erms invpcid
bogomips	: 5188.46
clflush size	: 64
cache_alignment	: 64
address sizes	: 39 bits physical, 48 bits virtual
power management:

processor	: 3
vendor_id	: GenuineIntel
cpu family	: 6
model		: 60
model name	: Intel(R) Core(TM) i5-4210M CPU @ 2.60GHz
stepping	: 3
microcode	: 0x1c
cpu MHz		: 2601.000
cache size	: 3072 KB
physical id	: 0
siblings	: 4
core id		: 1
cpu cores	: 2
apicid		: 3
initial apicid	: 3
fdiv_bug	: no
f00f_bug	: no
coma_bug	: no
fpu		: yes
fpu_exception	: yes
cpuid level	: 13
wp		: yes
flags		: fpu vme de pse tsc msr pae mce cx8 apic sep mtrr pge mca cmov pat pse36 clflush dts acpi mmx fxsr sse sse2 ss ht tm pbe nx pdpe1gb rdtscp lm constant_tsc arch_perfmon pebs bts xtopology nonstop_tsc aperfmperf eagerfpu pni pclmulqdq dtes64 monitor ds_cpl vmx est tm2 ssse3 fma cx16 xtpr pdcm pcid sse4_1 sse4_2 movbe popcnt tsc_deadline_timer aes xsave avx f16c rdrand lahf_lm abm ida arat epb xsaveopt pln pts dtherm tpr_shadow vnmi flexpriority ept vpid fsgsbase tsc_adjust bmi1 avx2 smep bmi2 erms invpcid
bogomips	: 5188.46
clflush size	: 64
cache_alignment	: 64
address sizes	: 39 bits physical, 48 bits virtual
power management:



Memory: 4k page, physical 8003124k(4597264k free), swap 0k(0k free)

vm_info: Java HotSpot(TM) Server VM (25.66-b17) for linux-x86 JRE (1.8.0_66-b17), built on Oct  6 2015 18:06:03 by "java_re" with gcc 4.3.0 20080428 (Red Hat 4.3.0-8)

time: Tue Dec  1 15:34:24 2015
elapsed time: 14 seconds (0d 0h 0m 14s)

